<?xml version="1.0" encoding="UTF-8"?>
<testng-results skipped="0" failed="0" ignored="0" total="4" passed="4">
  <reporter-output>
  </reporter-output>
  <suite name="Suite" duration-ms="39554" started-at="2019-05-10T19:54:49Z" finished-at="2019-05-10T19:55:28Z">
    <groups>
    </groups>
    <test name="TestMobileAppium" duration-ms="39554" started-at="2019-05-10T19:54:49Z" finished-at="2019-05-10T19:55:28Z">
      <class name="testinguy.appium.main.mainTest">
        <test-method status="PASS" signature="inicioClase()[pri:0, instance:testinguy.appium.main.mainTest@35fb3008]" name="inicioClase" is-config="true" duration-ms="15459" started-at="2019-05-10T19:54:49Z" finished-at="2019-05-10T19:55:04Z">
          <reporter-output>
          </reporter-output>
        </test-method> <!-- inicioClase -->
        <test-method status="PASS" signature="IniciarSesion(java.lang.String, java.lang.String)[pri:1, instance:testinguy.appium.main.mainTest@35fb3008]" name="IniciarSesion" duration-ms="5741" started-at="2019-05-10T19:55:04Z" finished-at="2019-05-10T19:55:10Z">
          <params>
            <param index="0">
              <value>
                <![CDATA[admin]]>
              </value>
            </param>
            <param index="1">
              <value>
                <![CDATA[admin]]>
              </value>
            </param>
          </params>
          <reporter-output>
          </reporter-output>
        </test-method> <!-- IniciarSesion -->
        <test-method status="PASS" signature="Test_NativeView()[pri:2, instance:testinguy.appium.main.mainTest@35fb3008]" name="Test_NativeView" duration-ms="3807" started-at="2019-05-10T19:55:10Z" finished-at="2019-05-10T19:55:14Z">
          <reporter-output>
          </reporter-output>
        </test-method> <!-- Test_NativeView -->
        <test-method status="PASS" signature="Test_Slider()[pri:3, instance:testinguy.appium.main.mainTest@35fb3008]" name="Test_Slider" duration-ms="8187" started-at="2019-05-10T19:55:14Z" finished-at="2019-05-10T19:55:22Z">
          <reporter-output>
          </reporter-output>
        </test-method> <!-- Test_Slider -->
        <test-method status="PASS" signature="Test_DragAndDrop()[pri:4, instance:testinguy.appium.main.mainTest@35fb3008]" name="Test_DragAndDrop" duration-ms="6333" started-at="2019-05-10T19:55:22Z" finished-at="2019-05-10T19:55:28Z">
          <reporter-output>
          </reporter-output>
        </test-method> <!-- Test_DragAndDrop -->
      </class> <!-- testinguy.appium.main.mainTest -->
    </test> <!-- TestMobileAppium -->
  </suite> <!-- Suite -->
</testng-results>
