<?xml version="1.0" encoding="UTF-8"?>
<testsuite xmlns:xsi="http://www.w3.org/2001/XMLSchema-instance" xsi:noNamespaceSchemaLocation="https://maven.apache.org/surefire/maven-surefire-plugin/xsd/surefire-test-report.xsd" name="TestSuite" time="40.937" tests="4" errors="0" skipped="0" failures="0">
  <properties>
[...]
</properties>
  <testcase name="IniciarSesion" classname="testinguy.appium.main.mainTest" time="5.741"/>
  <testcase name="Test_NativeView" classname="testinguy.appium.main.mainTest" time="3.807"/>
  <testcase name="Test_Slider" classname="testinguy.appium.main.mainTest" time="8.186"/>
  <testcase name="Test_DragAndDrop" classname="testinguy.appium.main.mainTest" time="6.332"/>
</testsuite>